<?xml version="1.0" encoding="UTF-8"?>
<!-- Generated by org.testng.reporters.JUnitReportReporter -->
<testsuite hostname="Naivedya" failures="0" tests="1" name="com.parabank.testCases.TC001_AccountRegistration" time="2.640" errors="0" timestamp="2024-03-19T21:27:08 IST" skipped="0">
  <testcase classname="com.parabank.testCases.TC001_AccountRegistration" name="verifyAccountRegistration" time="2.640"/>
</testsuite> <!-- com.parabank.testCases.TC001_AccountRegistration -->
