<?xml version="1.0" encoding="UTF-8"?>
<!-- Generated by org.testng.reporters.JUnitReportReporter -->
<testsuite hostname="Naivedya" failures="0" tests="2" name="com.parabank.testCases.LoginPageDDT" time="4.100" errors="0" timestamp="2024-03-22T09:57:38 IST" skipped="0">
  <testcase classname="com.parabank.testCases.LoginPageDDT" name="verifyLoginUserDDT" time="2.033"/>
  <testcase classname="com.parabank.testCases.LoginPageDDT" name="verifyLoginUserDDT" time="2.067"/>
</testsuite> <!-- com.parabank.testCases.LoginPageDDT -->
